<?xml version="1.0" encoding="UTF-8"?>
<testsuite xmlns:xsi="http://www.w3.org/2001/XMLSchema-instance" xsi:noNamespaceSchemaLocation="https://maven.apache.org/surefire/maven-surefire-plugin/xsd/surefire-test-report-3.0.xsd" version="3.0" name="com.narender.jenkinsdemo1.JenkinsDemo1ApplicationTests" time="3.188" tests="1" errors="0" skipped="0" failures="0">
  <properties>
[...]
</properties>
  <testcase name="contextLoads" classname="com.narender.jenkinsdemo1.JenkinsDemo1ApplicationTests" time="1.005">
    <system-out><![CDATA[11:39:30.371 [main] INFO org.springframework.test.context.support.AnnotationConfigContextLoaderUtils -- Could not detect default configuration classes for test class [com.narender.jenkinsdemo1.JenkinsDemo1ApplicationTests]: JenkinsDemo1ApplicationTests does not declare any static, non-private, non-final, nested classes annotated with @Configuration.
11:39:30.549 [main] INFO org.springframework.boot.test.context.SpringBootTestContextBootstrapper -- Found @SpringBootConfiguration com.narender.jenkinsdemo1.JenkinsDemo1Application for test class com.narender.jenkinsdemo1.JenkinsDemo1ApplicationTests

  .   ____          _            __ _ _
 /\\ / ___'_ __ _ _(_)_ __  __ _ \ \ \ \
( ( )\___ | '_ | '_| | '_ \/ _` | \ \ \ \
 \\/  ___)| |_)| | | | | || (_| |  ) ) ) )
  '  |____| .__|_| |_|_| |_\__, | / / / /
 =========|_|==============|___/=/_/_/_/
 :: Spring Boot ::                (v3.2.4)

2024-04-04T11:39:31.022+05:30  INFO 16480 --- [JenkinsDemo1] [           main] c.n.j.JenkinsDemo1ApplicationTests       : Starting JenkinsDemo1ApplicationTests using Java 17.0.9 with PID 16480 (started by Gude Narender in D:\Jekins Pocs\JenkinsDemo1)
2024-04-04T11:39:31.023+05:30  INFO 16480 --- [JenkinsDemo1] [           main] c.n.j.JenkinsDemo1ApplicationTests       : No active profile set, falling back to 1 default profile: "default"
2024-04-04T11:39:32.293+05:30  INFO 16480 --- [JenkinsDemo1] [           main] c.n.j.JenkinsDemo1ApplicationTests       : Started JenkinsDemo1ApplicationTests in 1.541 seconds (process running for 3.228)
]]></system-out>
  </testcase>
</testsuite>